<?xml version="1.0" encoding="UTF-8"?>
<!-- Generated by org.testng.reporters.JUnitReportReporter -->
<testsuite skipped="0" hostname="DESKTOP-RJH5I0V" name="selenium.Test1" tests="1" failures="0" timestamp="08 Feb 2018 17:00:00 GMT" time="3.596" errors="0">
  <testcase name="testGooglePageTitleInIEBrowser" time="3.596" classname="selenium.Test1"/>
</testsuite> <!-- selenium.Test1 -->
