<?xml version="1.0" encoding="UTF-8"?>
<!-- Generated by org.testng.reporters.JUnitReportReporter -->
<testsuite skipped="0" hostname="DESKTOP-RJH5I0V" name="selenium.Test2" tests="3" failures="0" timestamp="08 Feb 2018 18:04:27 GMT" time="0.013" errors="0">
  <testcase name="testCase01" time="0.006" classname="selenium.Test2"/>
  <testcase name="testCase02" time="0.003" classname="selenium.Test2"/>
  <testcase name="testCase03" time="0.004" classname="selenium.Test2"/>
</testsuite> <!-- selenium.Test2 -->
